The system is: Darwin - 17.4.0 - x86_64
Compiling the C compiler identification source file "CMakeCCompilerId.c" succeeded.
Compiler: /Library/Developer/CommandLineTools/usr/bin/cc 
Build flags: 
Id flags:  

The output was:
0


Compilation of the C compiler identification source "CMakeCCompilerId.c" produced "a.out"

The C compiler identification is AppleClang, found in "/Users/devinasingh/Desktop/ScaffCC_NISQ/clang/CMakeFiles/3.15.0/CompilerIdC/a.out"

Compiling the CXX compiler identification source file "CMakeCXXCompilerId.cpp" succeeded.
Compiler: /Library/Developer/CommandLineTools/usr/bin/c++ 
Build flags: 
Id flags:  

The output was:
0


Compilation of the CXX compiler identification source "CMakeCXXCompilerId.cpp" produced "a.out"

The CXX compiler identification is AppleClang, found in "/Users/devinasingh/Desktop/ScaffCC_NISQ/clang/CMakeFiles/3.15.0/CompilerIdCXX/a.out"

Determining if the C compiler works passed with the following output:
Change Dir: /Users/devinasingh/Desktop/ScaffCC_NISQ/clang/CMakeFiles/CMakeTmp

Run Build Command(s):/usr/bin/make cmTC_a984d/fast && /Library/Developer/CommandLineTools/usr/bin/make -f CMakeFiles/cmTC_a984d.dir/build.make CMakeFiles/cmTC_a984d.dir/build
Building C object CMakeFiles/cmTC_a984d.dir/testCCompiler.c.o
/Library/Developer/CommandLineTools/usr/bin/cc    -o CMakeFiles/cmTC_a984d.dir/testCCompiler.c.o   -c /Users/devinasingh/Desktop/ScaffCC_NISQ/clang/CMakeFiles/CMakeTmp/testCCompiler.c
Linking C executable cmTC_a984d
/usr/local/Cellar/cmake/3.15.0/bin/cmake -E cmake_link_script CMakeFiles/cmTC_a984d.dir/link.txt --verbose=1
/Library/Developer/CommandLineTools/usr/bin/cc   -Wl,-search_paths_first -Wl,-headerpad_max_install_names   CMakeFiles/cmTC_a984d.dir/testCCompiler.c.o  -o cmTC_a984d 



Detecting C compiler ABI info compiled with the following output:
Change Dir: /Users/devinasingh/Desktop/ScaffCC_NISQ/clang/CMakeFiles/CMakeTmp

Run Build Command(s):/usr/bin/make cmTC_37044/fast && /Library/Developer/CommandLineTools/usr/bin/make -f CMakeFiles/cmTC_37044.dir/build.make CMakeFiles/cmTC_37044.dir/build
Building C object CMakeFiles/cmTC_37044.dir/CMakeCCompilerABI.c.o
/Library/Developer/CommandLineTools/usr/bin/cc   -v -Wl,-v -o CMakeFiles/cmTC_37044.dir/CMakeCCompilerABI.c.o   -c /usr/local/Cellar/cmake/3.15.0/share/cmake/Modules/CMakeCCompilerABI.c
Apple LLVM version 9.1.0 (clang-902.0.39.1)
Target: x86_64-apple-darwin17.4.0
Thread model: posix
InstalledDir: /Library/Developer/CommandLineTools/usr/bin
clang: warning: -Wl,-v: 'linker' input unused [-Wunused-command-line-argument]
 "/Library/Developer/CommandLineTools/usr/bin/clang" -cc1 -triple x86_64-apple-macosx10.13.0 -Wdeprecated-objc-isa-usage -Werror=deprecated-objc-isa-usage -emit-obj -mrelax-all -disable-free -disable-llvm-verifier -discard-value-names -main-file-name CMakeCCompilerABI.c -mrelocation-model pic -pic-level 2 -mthread-model posix -mdisable-fp-elim -fno-strict-return -masm-verbose -munwind-tables -target-cpu penryn -target-linker-version 351.8 -v -dwarf-column-info -debugger-tuning=lldb -coverage-notes-file /Users/devinasingh/Desktop/ScaffCC_NISQ/clang/CMakeFiles/CMakeTmp/CMakeFiles/cmTC_37044.dir/CMakeCCompilerABI.c.gcno -resource-dir /Library/Developer/CommandLineTools/usr/lib/clang/9.1.0 -fdebug-compilation-dir /Users/devinasingh/Desktop/ScaffCC_NISQ/clang/CMakeFiles/CMakeTmp -ferror-limit 19 -fmessage-length 0 -stack-protector 1 -fblocks -fobjc-runtime=macosx-10.13.0 -fencode-extended-block-signature -fmax-type-align=16 -fdiagnostics-show-option -o CMakeFiles/cmTC_37044.dir/CMakeCCompilerABI.c.o -x c /usr/local/Cellar/cmake/3.15.0/share/cmake/Modules/CMakeCCompilerABI.c
clang -cc1 version 9.1.0 (clang-902.0.39.1) default target x86_64-apple-darwin17.4.0
#include "..." search starts here:
#include <...> search starts here:
 /usr/local/include
 /Library/Developer/CommandLineTools/usr/lib/clang/9.1.0/include
 /Library/Developer/CommandLineTools/usr/include
 /usr/include
 /System/Library/Frameworks (framework directory)
 /Library/Frameworks (framework directory)
End of search list.
Linking C executable cmTC_37044
/usr/local/Cellar/cmake/3.15.0/bin/cmake -E cmake_link_script CMakeFiles/cmTC_37044.dir/link.txt --verbose=1
/Library/Developer/CommandLineTools/usr/bin/cc   -Wl,-search_paths_first -Wl,-headerpad_max_install_names  -v -Wl,-v CMakeFiles/cmTC_37044.dir/CMakeCCompilerABI.c.o  -o cmTC_37044 
Apple LLVM version 9.1.0 (clang-902.0.39.1)
Target: x86_64-apple-darwin17.4.0
Thread model: posix
InstalledDir: /Library/Developer/CommandLineTools/usr/bin
 "/Library/Developer/CommandLineTools/usr/bin/ld" -demangle -lto_library /Library/Developer/CommandLineTools/usr/lib/libLTO.dylib -dynamic -arch x86_64 -macosx_version_min 10.13.0 -o cmTC_37044 -search_paths_first -headerpad_max_install_names -v CMakeFiles/cmTC_37044.dir/CMakeCCompilerABI.c.o -lSystem /Library/Developer/CommandLineTools/usr/lib/clang/9.1.0/lib/darwin/libclang_rt.osx.a
@(#)PROGRAM:ld  PROJECT:ld64-351.8
configured to support archs: armv6 armv7 armv7s arm64 i386 x86_64 x86_64h armv6m armv7k armv7m armv7em (tvOS)
Library search paths:
	/usr/lib
	/usr/local/lib
Framework search paths:
	/Library/Frameworks/
	/System/Library/Frameworks/



Parsed C implicit include dir info from above output: rv=done
  found start of include info
  found start of implicit include info
    add: [/usr/local/include]
    add: [/Library/Developer/CommandLineTools/usr/lib/clang/9.1.0/include]
    add: [/Library/Developer/CommandLineTools/usr/include]
    add: [/usr/include]
  end of search list found
  collapse include dir [/usr/local/include] ==> [/usr/local/include]
  collapse include dir [/Library/Developer/CommandLineTools/usr/lib/clang/9.1.0/include] ==> [/Library/Developer/CommandLineTools/usr/lib/clang/9.1.0/include]
  collapse include dir [/Library/Developer/CommandLineTools/usr/include] ==> [/Library/Developer/CommandLineTools/usr/include]
  collapse include dir [/usr/include] ==> [/usr/include]
  implicit include dirs: [/usr/local/include;/Library/Developer/CommandLineTools/usr/lib/clang/9.1.0/include;/Library/Developer/CommandLineTools/usr/include;/usr/include]


Parsed C implicit link information from above output:
  link line regex: [^( *|.*[/\])(ld|CMAKE_LINK_STARTFILE-NOTFOUND|([^/\]+-)?ld|collect2)[^/\]*( |$)]
  ignore line: [Change Dir: /Users/devinasingh/Desktop/ScaffCC_NISQ/clang/CMakeFiles/CMakeTmp]
  ignore line: []
  ignore line: [Run Build Command(s):/usr/bin/make cmTC_37044/fast && /Library/Developer/CommandLineTools/usr/bin/make -f CMakeFiles/cmTC_37044.dir/build.make CMakeFiles/cmTC_37044.dir/build]
  ignore line: [Building C object CMakeFiles/cmTC_37044.dir/CMakeCCompilerABI.c.o]
  ignore line: [/Library/Developer/CommandLineTools/usr/bin/cc   -v -Wl,-v -o CMakeFiles/cmTC_37044.dir/CMakeCCompilerABI.c.o   -c /usr/local/Cellar/cmake/3.15.0/share/cmake/Modules/CMakeCCompilerABI.c]
  ignore line: [Apple LLVM version 9.1.0 (clang-902.0.39.1)]
  ignore line: [Target: x86_64-apple-darwin17.4.0]
  ignore line: [Thread model: posix]
  ignore line: [InstalledDir: /Library/Developer/CommandLineTools/usr/bin]
  ignore line: [clang: warning: -Wl,-v: 'linker' input unused [-Wunused-command-line-argument]]
  ignore line: [ "/Library/Developer/CommandLineTools/usr/bin/clang" -cc1 -triple x86_64-apple-macosx10.13.0 -Wdeprecated-objc-isa-usage -Werror=deprecated-objc-isa-usage -emit-obj -mrelax-all -disable-free -disable-llvm-verifier -discard-value-names -main-file-name CMakeCCompilerABI.c -mrelocation-model pic -pic-level 2 -mthread-model posix -mdisable-fp-elim -fno-strict-return -masm-verbose -munwind-tables -target-cpu penryn -target-linker-version 351.8 -v -dwarf-column-info -debugger-tuning=lldb -coverage-notes-file /Users/devinasingh/Desktop/ScaffCC_NISQ/clang/CMakeFiles/CMakeTmp/CMakeFiles/cmTC_37044.dir/CMakeCCompilerABI.c.gcno -resource-dir /Library/Developer/CommandLineTools/usr/lib/clang/9.1.0 -fdebug-compilation-dir /Users/devinasingh/Desktop/ScaffCC_NISQ/clang/CMakeFiles/CMakeTmp -ferror-limit 19 -fmessage-length 0 -stack-protector 1 -fblocks -fobjc-runtime=macosx-10.13.0 -fencode-extended-block-signature -fmax-type-align=16 -fdiagnostics-show-option -o CMakeFiles/cmTC_37044.dir/CMakeCCompilerABI.c.o -x c /usr/local/Cellar/cmake/3.15.0/share/cmake/Modules/CMakeCCompilerABI.c]
  ignore line: [clang -cc1 version 9.1.0 (clang-902.0.39.1) default target x86_64-apple-darwin17.4.0]
  ignore line: [#include "..." search starts here:]
  ignore line: [#include <...> search starts here:]
  ignore line: [ /usr/local/include]
  ignore line: [ /Library/Developer/CommandLineTools/usr/lib/clang/9.1.0/include]
  ignore line: [ /Library/Developer/CommandLineTools/usr/include]
  ignore line: [ /usr/include]
  ignore line: [ /System/Library/Frameworks (framework directory)]
  ignore line: [ /Library/Frameworks (framework directory)]
  ignore line: [End of search list.]
  ignore line: [Linking C executable cmTC_37044]
  ignore line: [/usr/local/Cellar/cmake/3.15.0/bin/cmake -E cmake_link_script CMakeFiles/cmTC_37044.dir/link.txt --verbose=1]
  ignore line: [/Library/Developer/CommandLineTools/usr/bin/cc   -Wl,-search_paths_first -Wl,-headerpad_max_install_names  -v -Wl,-v CMakeFiles/cmTC_37044.dir/CMakeCCompilerABI.c.o  -o cmTC_37044 ]
  ignore line: [Apple LLVM version 9.1.0 (clang-902.0.39.1)]
  ignore line: [Target: x86_64-apple-darwin17.4.0]
  ignore line: [Thread model: posix]
  ignore line: [InstalledDir: /Library/Developer/CommandLineTools/usr/bin]
  link line: [ "/Library/Developer/CommandLineTools/usr/bin/ld" -demangle -lto_library /Library/Developer/CommandLineTools/usr/lib/libLTO.dylib -dynamic -arch x86_64 -macosx_version_min 10.13.0 -o cmTC_37044 -search_paths_first -headerpad_max_install_names -v CMakeFiles/cmTC_37044.dir/CMakeCCompilerABI.c.o -lSystem /Library/Developer/CommandLineTools/usr/lib/clang/9.1.0/lib/darwin/libclang_rt.osx.a]
    arg [/Library/Developer/CommandLineTools/usr/bin/ld] ==> ignore
    arg [-demangle] ==> ignore
    arg [-lto_library] ==> ignore, skip following value
    arg [/Library/Developer/CommandLineTools/usr/lib/libLTO.dylib] ==> skip value of -lto_library
    arg [-dynamic] ==> ignore
    arg [-arch] ==> ignore
    arg [x86_64] ==> ignore
    arg [-macosx_version_min] ==> ignore
    arg [10.13.0] ==> ignore
    arg [-o] ==> ignore
    arg [cmTC_37044] ==> ignore
    arg [-search_paths_first] ==> ignore
    arg [-headerpad_max_install_names] ==> ignore
    arg [-v] ==> ignore
    arg [CMakeFiles/cmTC_37044.dir/CMakeCCompilerABI.c.o] ==> ignore
    arg [-lSystem] ==> lib [System]
    arg [/Library/Developer/CommandLineTools/usr/lib/clang/9.1.0/lib/darwin/libclang_rt.osx.a] ==> lib [/Library/Developer/CommandLineTools/usr/lib/clang/9.1.0/lib/darwin/libclang_rt.osx.a]
  Library search paths: [;/usr/lib;/usr/local/lib]
  Framework search paths: [;/Library/Frameworks/;/System/Library/Frameworks/]
  remove lib [System]
  remove lib [/Library/Developer/CommandLineTools/usr/lib/clang/9.1.0/lib/darwin/libclang_rt.osx.a]
  collapse library dir [/usr/lib] ==> [/usr/lib]
  collapse library dir [/usr/local/lib] ==> [/usr/local/lib]
  collapse framework dir [/Library/Frameworks/] ==> [/Library/Frameworks]
  collapse framework dir [/System/Library/Frameworks/] ==> [/System/Library/Frameworks]
  implicit libs: []
  implicit dirs: [/usr/lib;/usr/local/lib]
  implicit fwks: [/Library/Frameworks;/System/Library/Frameworks]


Determining if the CXX compiler works passed with the following output:
Change Dir: /Users/devinasingh/Desktop/ScaffCC_NISQ/clang/CMakeFiles/CMakeTmp

Run Build Command(s):/usr/bin/make cmTC_724d8/fast && /Library/Developer/CommandLineTools/usr/bin/make -f CMakeFiles/cmTC_724d8.dir/build.make CMakeFiles/cmTC_724d8.dir/build
Building CXX object CMakeFiles/cmTC_724d8.dir/testCXXCompiler.cxx.o
/Library/Developer/CommandLineTools/usr/bin/c++     -o CMakeFiles/cmTC_724d8.dir/testCXXCompiler.cxx.o -c /Users/devinasingh/Desktop/ScaffCC_NISQ/clang/CMakeFiles/CMakeTmp/testCXXCompiler.cxx
Linking CXX executable cmTC_724d8
/usr/local/Cellar/cmake/3.15.0/bin/cmake -E cmake_link_script CMakeFiles/cmTC_724d8.dir/link.txt --verbose=1
/Library/Developer/CommandLineTools/usr/bin/c++    -Wl,-search_paths_first -Wl,-headerpad_max_install_names   CMakeFiles/cmTC_724d8.dir/testCXXCompiler.cxx.o  -o cmTC_724d8 



Detecting CXX compiler ABI info compiled with the following output:
Change Dir: /Users/devinasingh/Desktop/ScaffCC_NISQ/clang/CMakeFiles/CMakeTmp

Run Build Command(s):/usr/bin/make cmTC_4cef8/fast && /Library/Developer/CommandLineTools/usr/bin/make -f CMakeFiles/cmTC_4cef8.dir/build.make CMakeFiles/cmTC_4cef8.dir/build
Building CXX object CMakeFiles/cmTC_4cef8.dir/CMakeCXXCompilerABI.cpp.o
/Library/Developer/CommandLineTools/usr/bin/c++    -v -Wl,-v -o CMakeFiles/cmTC_4cef8.dir/CMakeCXXCompilerABI.cpp.o -c /usr/local/Cellar/cmake/3.15.0/share/cmake/Modules/CMakeCXXCompilerABI.cpp
Apple LLVM version 9.1.0 (clang-902.0.39.1)
Target: x86_64-apple-darwin17.4.0
Thread model: posix
InstalledDir: /Library/Developer/CommandLineTools/usr/bin
clang: warning: -Wl,-v: 'linker' input unused [-Wunused-command-line-argument]
 "/Library/Developer/CommandLineTools/usr/bin/clang" -cc1 -triple x86_64-apple-macosx10.13.0 -Wdeprecated-objc-isa-usage -Werror=deprecated-objc-isa-usage -emit-obj -mrelax-all -disable-free -disable-llvm-verifier -discard-value-names -main-file-name CMakeCXXCompilerABI.cpp -mrelocation-model pic -pic-level 2 -mthread-model posix -mdisable-fp-elim -fno-strict-return -masm-verbose -munwind-tables -target-cpu penryn -target-linker-version 351.8 -v -dwarf-column-info -debugger-tuning=lldb -coverage-notes-file /Users/devinasingh/Desktop/ScaffCC_NISQ/clang/CMakeFiles/CMakeTmp/CMakeFiles/cmTC_4cef8.dir/CMakeCXXCompilerABI.cpp.gcno -resource-dir /Library/Developer/CommandLineTools/usr/lib/clang/9.1.0 -stdlib=libc++ -fdeprecated-macro -fdebug-compilation-dir /Users/devinasingh/Desktop/ScaffCC_NISQ/clang/CMakeFiles/CMakeTmp -ferror-limit 19 -fmessage-length 0 -stack-protector 1 -fblocks -fobjc-runtime=macosx-10.13.0 -fencode-extended-block-signature -fcxx-exceptions -fexceptions -fmax-type-align=16 -fdiagnostics-show-option -o CMakeFiles/cmTC_4cef8.dir/CMakeCXXCompilerABI.cpp.o -x c++ /usr/local/Cellar/cmake/3.15.0/share/cmake/Modules/CMakeCXXCompilerABI.cpp
clang -cc1 version 9.1.0 (clang-902.0.39.1) default target x86_64-apple-darwin17.4.0
ignoring nonexistent directory "/usr/include/c++/v1"
#include "..." search starts here:
#include <...> search starts here:
 /Library/Developer/CommandLineTools/usr/include/c++/v1
 /usr/local/include
 /Library/Developer/CommandLineTools/usr/lib/clang/9.1.0/include
 /Library/Developer/CommandLineTools/usr/include
 /usr/include
 /System/Library/Frameworks (framework directory)
 /Library/Frameworks (framework directory)
End of search list.
Linking CXX executable cmTC_4cef8
/usr/local/Cellar/cmake/3.15.0/bin/cmake -E cmake_link_script CMakeFiles/cmTC_4cef8.dir/link.txt --verbose=1
/Library/Developer/CommandLineTools/usr/bin/c++    -Wl,-search_paths_first -Wl,-headerpad_max_install_names  -v -Wl,-v CMakeFiles/cmTC_4cef8.dir/CMakeCXXCompilerABI.cpp.o  -o cmTC_4cef8 
Apple LLVM version 9.1.0 (clang-902.0.39.1)
Target: x86_64-apple-darwin17.4.0
Thread model: posix
InstalledDir: /Library/Developer/CommandLineTools/usr/bin
 "/Library/Developer/CommandLineTools/usr/bin/ld" -demangle -lto_library /Library/Developer/CommandLineTools/usr/lib/libLTO.dylib -dynamic -arch x86_64 -macosx_version_min 10.13.0 -o cmTC_4cef8 -search_paths_first -headerpad_max_install_names -v CMakeFiles/cmTC_4cef8.dir/CMakeCXXCompilerABI.cpp.o -lc++ -lSystem /Library/Developer/CommandLineTools/usr/lib/clang/9.1.0/lib/darwin/libclang_rt.osx.a
@(#)PROGRAM:ld  PROJECT:ld64-351.8
configured to support archs: armv6 armv7 armv7s arm64 i386 x86_64 x86_64h armv6m armv7k armv7m armv7em (tvOS)
Library search paths:
	/usr/lib
	/usr/local/lib
Framework search paths:
	/Library/Frameworks/
	/System/Library/Frameworks/



Parsed CXX implicit include dir info from above output: rv=done
  found start of include info
  found start of implicit include info
    add: [/Library/Developer/CommandLineTools/usr/include/c++/v1]
    add: [/usr/local/include]
    add: [/Library/Developer/CommandLineTools/usr/lib/clang/9.1.0/include]
    add: [/Library/Developer/CommandLineTools/usr/include]
    add: [/usr/include]
  end of search list found
  collapse include dir [/Library/Developer/CommandLineTools/usr/include/c++/v1] ==> [/Library/Developer/CommandLineTools/usr/include/c++/v1]
  collapse include dir [/usr/local/include] ==> [/usr/local/include]
  collapse include dir [/Library/Developer/CommandLineTools/usr/lib/clang/9.1.0/include] ==> [/Library/Developer/CommandLineTools/usr/lib/clang/9.1.0/include]
  collapse include dir [/Library/Developer/CommandLineTools/usr/include] ==> [/Library/Developer/CommandLineTools/usr/include]
  collapse include dir [/usr/include] ==> [/usr/include]
  implicit include dirs: [/Library/Developer/CommandLineTools/usr/include/c++/v1;/usr/local/include;/Library/Developer/CommandLineTools/usr/lib/clang/9.1.0/include;/Library/Developer/CommandLineTools/usr/include;/usr/include]


Parsed CXX implicit link information from above output:
  link line regex: [^( *|.*[/\])(ld|CMAKE_LINK_STARTFILE-NOTFOUND|([^/\]+-)?ld|collect2)[^/\]*( |$)]
  ignore line: [Change Dir: /Users/devinasingh/Desktop/ScaffCC_NISQ/clang/CMakeFiles/CMakeTmp]
  ignore line: []
  ignore line: [Run Build Command(s):/usr/bin/make cmTC_4cef8/fast && /Library/Developer/CommandLineTools/usr/bin/make -f CMakeFiles/cmTC_4cef8.dir/build.make CMakeFiles/cmTC_4cef8.dir/build]
  ignore line: [Building CXX object CMakeFiles/cmTC_4cef8.dir/CMakeCXXCompilerABI.cpp.o]
  ignore line: [/Library/Developer/CommandLineTools/usr/bin/c++    -v -Wl,-v -o CMakeFiles/cmTC_4cef8.dir/CMakeCXXCompilerABI.cpp.o -c /usr/local/Cellar/cmake/3.15.0/share/cmake/Modules/CMakeCXXCompilerABI.cpp]
  ignore line: [Apple LLVM version 9.1.0 (clang-902.0.39.1)]
  ignore line: [Target: x86_64-apple-darwin17.4.0]
  ignore line: [Thread model: posix]
  ignore line: [InstalledDir: /Library/Developer/CommandLineTools/usr/bin]
  ignore line: [clang: warning: -Wl,-v: 'linker' input unused [-Wunused-command-line-argument]]
  ignore line: [ "/Library/Developer/CommandLineTools/usr/bin/clang" -cc1 -triple x86_64-apple-macosx10.13.0 -Wdeprecated-objc-isa-usage -Werror=deprecated-objc-isa-usage -emit-obj -mrelax-all -disable-free -disable-llvm-verifier -discard-value-names -main-file-name CMakeCXXCompilerABI.cpp -mrelocation-model pic -pic-level 2 -mthread-model posix -mdisable-fp-elim -fno-strict-return -masm-verbose -munwind-tables -target-cpu penryn -target-linker-version 351.8 -v -dwarf-column-info -debugger-tuning=lldb -coverage-notes-file /Users/devinasingh/Desktop/ScaffCC_NISQ/clang/CMakeFiles/CMakeTmp/CMakeFiles/cmTC_4cef8.dir/CMakeCXXCompilerABI.cpp.gcno -resource-dir /Library/Developer/CommandLineTools/usr/lib/clang/9.1.0 -stdlib=libc++ -fdeprecated-macro -fdebug-compilation-dir /Users/devinasingh/Desktop/ScaffCC_NISQ/clang/CMakeFiles/CMakeTmp -ferror-limit 19 -fmessage-length 0 -stack-protector 1 -fblocks -fobjc-runtime=macosx-10.13.0 -fencode-extended-block-signature -fcxx-exceptions -fexceptions -fmax-type-align=16 -fdiagnostics-show-option -o CMakeFiles/cmTC_4cef8.dir/CMakeCXXCompilerABI.cpp.o -x c++ /usr/local/Cellar/cmake/3.15.0/share/cmake/Modules/CMakeCXXCompilerABI.cpp]
  ignore line: [clang -cc1 version 9.1.0 (clang-902.0.39.1) default target x86_64-apple-darwin17.4.0]
  ignore line: [ignoring nonexistent directory "/usr/include/c++/v1"]
  ignore line: [#include "..." search starts here:]
  ignore line: [#include <...> search starts here:]
  ignore line: [ /Library/Developer/CommandLineTools/usr/include/c++/v1]
  ignore line: [ /usr/local/include]
  ignore line: [ /Library/Developer/CommandLineTools/usr/lib/clang/9.1.0/include]
  ignore line: [ /Library/Developer/CommandLineTools/usr/include]
  ignore line: [ /usr/include]
  ignore line: [ /System/Library/Frameworks (framework directory)]
  ignore line: [ /Library/Frameworks (framework directory)]
  ignore line: [End of search list.]
  ignore line: [Linking CXX executable cmTC_4cef8]
  ignore line: [/usr/local/Cellar/cmake/3.15.0/bin/cmake -E cmake_link_script CMakeFiles/cmTC_4cef8.dir/link.txt --verbose=1]
  ignore line: [/Library/Developer/CommandLineTools/usr/bin/c++    -Wl,-search_paths_first -Wl,-headerpad_max_install_names  -v -Wl,-v CMakeFiles/cmTC_4cef8.dir/CMakeCXXCompilerABI.cpp.o  -o cmTC_4cef8 ]
  ignore line: [Apple LLVM version 9.1.0 (clang-902.0.39.1)]
  ignore line: [Target: x86_64-apple-darwin17.4.0]
  ignore line: [Thread model: posix]
  ignore line: [InstalledDir: /Library/Developer/CommandLineTools/usr/bin]
  link line: [ "/Library/Developer/CommandLineTools/usr/bin/ld" -demangle -lto_library /Library/Developer/CommandLineTools/usr/lib/libLTO.dylib -dynamic -arch x86_64 -macosx_version_min 10.13.0 -o cmTC_4cef8 -search_paths_first -headerpad_max_install_names -v CMakeFiles/cmTC_4cef8.dir/CMakeCXXCompilerABI.cpp.o -lc++ -lSystem /Library/Developer/CommandLineTools/usr/lib/clang/9.1.0/lib/darwin/libclang_rt.osx.a]
    arg [/Library/Developer/CommandLineTools/usr/bin/ld] ==> ignore
    arg [-demangle] ==> ignore
    arg [-lto_library] ==> ignore, skip following value
    arg [/Library/Developer/CommandLineTools/usr/lib/libLTO.dylib] ==> skip value of -lto_library
    arg [-dynamic] ==> ignore
    arg [-arch] ==> ignore
    arg [x86_64] ==> ignore
    arg [-macosx_version_min] ==> ignore
    arg [10.13.0] ==> ignore
    arg [-o] ==> ignore
    arg [cmTC_4cef8] ==> ignore
    arg [-search_paths_first] ==> ignore
    arg [-headerpad_max_install_names] ==> ignore
    arg [-v] ==> ignore
    arg [CMakeFiles/cmTC_4cef8.dir/CMakeCXXCompilerABI.cpp.o] ==> ignore
    arg [-lc++] ==> lib [c++]
    arg [-lSystem] ==> lib [System]
    arg [/Library/Developer/CommandLineTools/usr/lib/clang/9.1.0/lib/darwin/libclang_rt.osx.a] ==> lib [/Library/Developer/CommandLineTools/usr/lib/clang/9.1.0/lib/darwin/libclang_rt.osx.a]
  Library search paths: [;/usr/lib;/usr/local/lib]
  Framework search paths: [;/Library/Frameworks/;/System/Library/Frameworks/]
  remove lib [System]
  remove lib [/Library/Developer/CommandLineTools/usr/lib/clang/9.1.0/lib/darwin/libclang_rt.osx.a]
  collapse library dir [/usr/lib] ==> [/usr/lib]
  collapse library dir [/usr/local/lib] ==> [/usr/local/lib]
  collapse framework dir [/Library/Frameworks/] ==> [/Library/Frameworks]
  collapse framework dir [/System/Library/Frameworks/] ==> [/System/Library/Frameworks]
  implicit libs: [c++]
  implicit dirs: [/usr/lib;/usr/local/lib]
  implicit fwks: [/Library/Frameworks;/System/Library/Frameworks]


Performing C++ SOURCE FILE Test SUPPORTS_FVISIBILITY_INLINES_HIDDEN_FLAG succeeded with the following output:
Change Dir: /Users/devinasingh/Desktop/ScaffCC_NISQ/clang/CMakeFiles/CMakeTmp

Run Build Command(s):/usr/bin/make cmTC_d8986/fast && /Library/Developer/CommandLineTools/usr/bin/make -f CMakeFiles/cmTC_d8986.dir/build.make CMakeFiles/cmTC_d8986.dir/build
Building CXX object CMakeFiles/cmTC_d8986.dir/src.cxx.o
/Library/Developer/CommandLineTools/usr/bin/c++    -DSUPPORTS_FVISIBILITY_INLINES_HIDDEN_FLAG   -fvisibility-inlines-hidden -o CMakeFiles/cmTC_d8986.dir/src.cxx.o -c /Users/devinasingh/Desktop/ScaffCC_NISQ/clang/CMakeFiles/CMakeTmp/src.cxx
Linking CXX executable cmTC_d8986
/usr/local/Cellar/cmake/3.15.0/bin/cmake -E cmake_link_script CMakeFiles/cmTC_d8986.dir/link.txt --verbose=1
/Library/Developer/CommandLineTools/usr/bin/c++   -DSUPPORTS_FVISIBILITY_INLINES_HIDDEN_FLAG -Wl,-search_paths_first -Wl,-headerpad_max_install_names   CMakeFiles/cmTC_d8986.dir/src.cxx.o  -o cmTC_d8986 


Source file was:
int main() { return 0; }
Performing C SOURCE FILE Test C_SUPPORTS_WERROR_DATE_TIME succeeded with the following output:
Change Dir: /Users/devinasingh/Desktop/ScaffCC_NISQ/clang/CMakeFiles/CMakeTmp

Run Build Command(s):/usr/bin/make cmTC_573ac/fast && /Library/Developer/CommandLineTools/usr/bin/make -f CMakeFiles/cmTC_573ac.dir/build.make CMakeFiles/cmTC_573ac.dir/build
Building C object CMakeFiles/cmTC_573ac.dir/src.c.o
/Library/Developer/CommandLineTools/usr/bin/cc   -DC_SUPPORTS_WERROR_DATE_TIME   -Werror -Werror=date-time -o CMakeFiles/cmTC_573ac.dir/src.c.o   -c /Users/devinasingh/Desktop/ScaffCC_NISQ/clang/CMakeFiles/CMakeTmp/src.c
Linking C executable cmTC_573ac
/usr/local/Cellar/cmake/3.15.0/bin/cmake -E cmake_link_script CMakeFiles/cmTC_573ac.dir/link.txt --verbose=1
/Library/Developer/CommandLineTools/usr/bin/cc  -DC_SUPPORTS_WERROR_DATE_TIME -Wl,-search_paths_first -Wl,-headerpad_max_install_names   CMakeFiles/cmTC_573ac.dir/src.c.o  -o cmTC_573ac 


Source file was:
int main(void) { return 0; }
Performing C++ SOURCE FILE Test CXX_SUPPORTS_WERROR_DATE_TIME succeeded with the following output:
Change Dir: /Users/devinasingh/Desktop/ScaffCC_NISQ/clang/CMakeFiles/CMakeTmp

Run Build Command(s):/usr/bin/make cmTC_b59d9/fast && /Library/Developer/CommandLineTools/usr/bin/make -f CMakeFiles/cmTC_b59d9.dir/build.make CMakeFiles/cmTC_b59d9.dir/build
Building CXX object CMakeFiles/cmTC_b59d9.dir/src.cxx.o
/Library/Developer/CommandLineTools/usr/bin/c++    -fvisibility-inlines-hidden -DCXX_SUPPORTS_WERROR_DATE_TIME   -Werror -Werror=date-time -o CMakeFiles/cmTC_b59d9.dir/src.cxx.o -c /Users/devinasingh/Desktop/ScaffCC_NISQ/clang/CMakeFiles/CMakeTmp/src.cxx
Linking CXX executable cmTC_b59d9
/usr/local/Cellar/cmake/3.15.0/bin/cmake -E cmake_link_script CMakeFiles/cmTC_b59d9.dir/link.txt --verbose=1
/Library/Developer/CommandLineTools/usr/bin/c++   -fvisibility-inlines-hidden -DCXX_SUPPORTS_WERROR_DATE_TIME -Wl,-search_paths_first -Wl,-headerpad_max_install_names   CMakeFiles/cmTC_b59d9.dir/src.cxx.o  -o cmTC_b59d9 


Source file was:
int main() { return 0; }
Performing C SOURCE FILE Test C_SUPPORTS_WERROR_UNGUARDED_AVAILABILITY_NEW succeeded with the following output:
Change Dir: /Users/devinasingh/Desktop/ScaffCC_NISQ/clang/CMakeFiles/CMakeTmp

Run Build Command(s):/usr/bin/make cmTC_b2714/fast && /Library/Developer/CommandLineTools/usr/bin/make -f CMakeFiles/cmTC_b2714.dir/build.make CMakeFiles/cmTC_b2714.dir/build
Building C object CMakeFiles/cmTC_b2714.dir/src.c.o
/Library/Developer/CommandLineTools/usr/bin/cc   -Werror=date-time -DC_SUPPORTS_WERROR_UNGUARDED_AVAILABILITY_NEW   -Werror -Werror=unguarded-availability-new -o CMakeFiles/cmTC_b2714.dir/src.c.o   -c /Users/devinasingh/Desktop/ScaffCC_NISQ/clang/CMakeFiles/CMakeTmp/src.c
Linking C executable cmTC_b2714
/usr/local/Cellar/cmake/3.15.0/bin/cmake -E cmake_link_script CMakeFiles/cmTC_b2714.dir/link.txt --verbose=1
/Library/Developer/CommandLineTools/usr/bin/cc  -Werror=date-time -DC_SUPPORTS_WERROR_UNGUARDED_AVAILABILITY_NEW -Wl,-search_paths_first -Wl,-headerpad_max_install_names   CMakeFiles/cmTC_b2714.dir/src.c.o  -o cmTC_b2714 


Source file was:
int main(void) { return 0; }
Performing C++ SOURCE FILE Test CXX_SUPPORTS_WERROR_UNGUARDED_AVAILABILITY_NEW succeeded with the following output:
Change Dir: /Users/devinasingh/Desktop/ScaffCC_NISQ/clang/CMakeFiles/CMakeTmp

Run Build Command(s):/usr/bin/make cmTC_7ed21/fast && /Library/Developer/CommandLineTools/usr/bin/make -f CMakeFiles/cmTC_7ed21.dir/build.make CMakeFiles/cmTC_7ed21.dir/build
Building CXX object CMakeFiles/cmTC_7ed21.dir/src.cxx.o
/Library/Developer/CommandLineTools/usr/bin/c++    -fvisibility-inlines-hidden -Werror=date-time -DCXX_SUPPORTS_WERROR_UNGUARDED_AVAILABILITY_NEW   -Werror -Werror=unguarded-availability-new -o CMakeFiles/cmTC_7ed21.dir/src.cxx.o -c /Users/devinasingh/Desktop/ScaffCC_NISQ/clang/CMakeFiles/CMakeTmp/src.cxx
Linking CXX executable cmTC_7ed21
/usr/local/Cellar/cmake/3.15.0/bin/cmake -E cmake_link_script CMakeFiles/cmTC_7ed21.dir/link.txt --verbose=1
/Library/Developer/CommandLineTools/usr/bin/c++   -fvisibility-inlines-hidden -Werror=date-time -DCXX_SUPPORTS_WERROR_UNGUARDED_AVAILABILITY_NEW -Wl,-search_paths_first -Wl,-headerpad_max_install_names   CMakeFiles/cmTC_7ed21.dir/src.cxx.o  -o cmTC_7ed21 


Source file was:
int main() { return 0; }
Performing C++ SOURCE FILE Test CXX_SUPPORTS_CXX11 succeeded with the following output:
Change Dir: /Users/devinasingh/Desktop/ScaffCC_NISQ/clang/CMakeFiles/CMakeTmp

Run Build Command(s):/usr/bin/make cmTC_b82bd/fast && /Library/Developer/CommandLineTools/usr/bin/make -f CMakeFiles/cmTC_b82bd.dir/build.make CMakeFiles/cmTC_b82bd.dir/build
Building CXX object CMakeFiles/cmTC_b82bd.dir/src.cxx.o
/Library/Developer/CommandLineTools/usr/bin/c++    -fvisibility-inlines-hidden -Werror=date-time -Werror=unguarded-availability-new -DCXX_SUPPORTS_CXX11   -std=c++11 -o CMakeFiles/cmTC_b82bd.dir/src.cxx.o -c /Users/devinasingh/Desktop/ScaffCC_NISQ/clang/CMakeFiles/CMakeTmp/src.cxx
Linking CXX executable cmTC_b82bd
/usr/local/Cellar/cmake/3.15.0/bin/cmake -E cmake_link_script CMakeFiles/cmTC_b82bd.dir/link.txt --verbose=1
/Library/Developer/CommandLineTools/usr/bin/c++   -fvisibility-inlines-hidden -Werror=date-time -Werror=unguarded-availability-new -DCXX_SUPPORTS_CXX11 -Wl,-search_paths_first -Wl,-headerpad_max_install_names   CMakeFiles/cmTC_b82bd.dir/src.cxx.o  -o cmTC_b82bd 


Source file was:
int main() { return 0; }
Performing C++ SOURCE FILE Test CXX_SUPPORTS_MISSING_FIELD_INITIALIZERS_FLAG succeeded with the following output:
Change Dir: /Users/devinasingh/Desktop/ScaffCC_NISQ/clang/CMakeFiles/CMakeTmp

Run Build Command(s):/usr/bin/make cmTC_fcd52/fast && /Library/Developer/CommandLineTools/usr/bin/make -f CMakeFiles/cmTC_fcd52.dir/build.make CMakeFiles/cmTC_fcd52.dir/build
Building CXX object CMakeFiles/cmTC_fcd52.dir/src.cxx.o
/Library/Developer/CommandLineTools/usr/bin/c++    -fvisibility-inlines-hidden -Werror=date-time -Werror=unguarded-availability-new -std=c++11 -Wall -Wextra -Wno-unused-parameter -Wwrite-strings -Wcast-qual -DCXX_SUPPORTS_MISSING_FIELD_INITIALIZERS_FLAG   -Wmissing-field-initializers -o CMakeFiles/cmTC_fcd52.dir/src.cxx.o -c /Users/devinasingh/Desktop/ScaffCC_NISQ/clang/CMakeFiles/CMakeTmp/src.cxx
Linking CXX executable cmTC_fcd52
/usr/local/Cellar/cmake/3.15.0/bin/cmake -E cmake_link_script CMakeFiles/cmTC_fcd52.dir/link.txt --verbose=1
/Library/Developer/CommandLineTools/usr/bin/c++   -fvisibility-inlines-hidden -Werror=date-time -Werror=unguarded-availability-new -std=c++11 -Wall -Wextra -Wno-unused-parameter -Wwrite-strings -Wcast-qual -DCXX_SUPPORTS_MISSING_FIELD_INITIALIZERS_FLAG -Wl,-search_paths_first -Wl,-headerpad_max_install_names   CMakeFiles/cmTC_fcd52.dir/src.cxx.o  -o cmTC_fcd52 


Source file was:
int main() { return 0; }
Performing C SOURCE FILE Test C_SUPPORTS_IMPLICIT_FALLTHROUGH_FLAG succeeded with the following output:
Change Dir: /Users/devinasingh/Desktop/ScaffCC_NISQ/clang/CMakeFiles/CMakeTmp

Run Build Command(s):/usr/bin/make cmTC_a4cf5/fast && /Library/Developer/CommandLineTools/usr/bin/make -f CMakeFiles/cmTC_a4cf5.dir/build.make CMakeFiles/cmTC_a4cf5.dir/build
Building C object CMakeFiles/cmTC_a4cf5.dir/src.c.o
/Library/Developer/CommandLineTools/usr/bin/cc   -Werror=date-time -Werror=unguarded-availability-new -Wall -Wextra -Wno-unused-parameter -Wwrite-strings -Wmissing-field-initializers -DC_SUPPORTS_IMPLICIT_FALLTHROUGH_FLAG   -Werror -Wimplicit-fallthrough -o CMakeFiles/cmTC_a4cf5.dir/src.c.o   -c /Users/devinasingh/Desktop/ScaffCC_NISQ/clang/CMakeFiles/CMakeTmp/src.c
Linking C executable cmTC_a4cf5
/usr/local/Cellar/cmake/3.15.0/bin/cmake -E cmake_link_script CMakeFiles/cmTC_a4cf5.dir/link.txt --verbose=1
/Library/Developer/CommandLineTools/usr/bin/cc  -Werror=date-time -Werror=unguarded-availability-new -Wall -Wextra -Wno-unused-parameter -Wwrite-strings -Wmissing-field-initializers -DC_SUPPORTS_IMPLICIT_FALLTHROUGH_FLAG -Wl,-search_paths_first -Wl,-headerpad_max_install_names   CMakeFiles/cmTC_a4cf5.dir/src.c.o  -o cmTC_a4cf5 


Source file was:
int main(void) { return 0; }
Performing C++ SOURCE FILE Test CXX_SUPPORTS_IMPLICIT_FALLTHROUGH_FLAG succeeded with the following output:
Change Dir: /Users/devinasingh/Desktop/ScaffCC_NISQ/clang/CMakeFiles/CMakeTmp

Run Build Command(s):/usr/bin/make cmTC_6aee0/fast && /Library/Developer/CommandLineTools/usr/bin/make -f CMakeFiles/cmTC_6aee0.dir/build.make CMakeFiles/cmTC_6aee0.dir/build
Building CXX object CMakeFiles/cmTC_6aee0.dir/src.cxx.o
/Library/Developer/CommandLineTools/usr/bin/c++    -fvisibility-inlines-hidden -Werror=date-time -Werror=unguarded-availability-new -std=c++11 -Wall -Wextra -Wno-unused-parameter -Wwrite-strings -Wcast-qual -Wmissing-field-initializers -DCXX_SUPPORTS_IMPLICIT_FALLTHROUGH_FLAG   -Werror -Wimplicit-fallthrough -o CMakeFiles/cmTC_6aee0.dir/src.cxx.o -c /Users/devinasingh/Desktop/ScaffCC_NISQ/clang/CMakeFiles/CMakeTmp/src.cxx
Linking CXX executable cmTC_6aee0
/usr/local/Cellar/cmake/3.15.0/bin/cmake -E cmake_link_script CMakeFiles/cmTC_6aee0.dir/link.txt --verbose=1
/Library/Developer/CommandLineTools/usr/bin/c++   -fvisibility-inlines-hidden -Werror=date-time -Werror=unguarded-availability-new -std=c++11 -Wall -Wextra -Wno-unused-parameter -Wwrite-strings -Wcast-qual -Wmissing-field-initializers -DCXX_SUPPORTS_IMPLICIT_FALLTHROUGH_FLAG -Wl,-search_paths_first -Wl,-headerpad_max_install_names   CMakeFiles/cmTC_6aee0.dir/src.cxx.o  -o cmTC_6aee0 


Source file was:
int main() { return 0; }
Performing C SOURCE FILE Test C_SUPPORTS_COVERED_SWITCH_DEFAULT_FLAG succeeded with the following output:
Change Dir: /Users/devinasingh/Desktop/ScaffCC_NISQ/clang/CMakeFiles/CMakeTmp

Run Build Command(s):/usr/bin/make cmTC_13c9e/fast && /Library/Developer/CommandLineTools/usr/bin/make -f CMakeFiles/cmTC_13c9e.dir/build.make CMakeFiles/cmTC_13c9e.dir/build
Building C object CMakeFiles/cmTC_13c9e.dir/src.c.o
/Library/Developer/CommandLineTools/usr/bin/cc   -Werror=date-time -Werror=unguarded-availability-new -Wall -Wextra -Wno-unused-parameter -Wwrite-strings -Wmissing-field-initializers -Wimplicit-fallthrough -DC_SUPPORTS_COVERED_SWITCH_DEFAULT_FLAG   -Werror -Wcovered-switch-default -o CMakeFiles/cmTC_13c9e.dir/src.c.o   -c /Users/devinasingh/Desktop/ScaffCC_NISQ/clang/CMakeFiles/CMakeTmp/src.c
Linking C executable cmTC_13c9e
/usr/local/Cellar/cmake/3.15.0/bin/cmake -E cmake_link_script CMakeFiles/cmTC_13c9e.dir/link.txt --verbose=1
/Library/Developer/CommandLineTools/usr/bin/cc  -Werror=date-time -Werror=unguarded-availability-new -Wall -Wextra -Wno-unused-parameter -Wwrite-strings -Wmissing-field-initializers -Wimplicit-fallthrough -DC_SUPPORTS_COVERED_SWITCH_DEFAULT_FLAG -Wl,-search_paths_first -Wl,-headerpad_max_install_names   CMakeFiles/cmTC_13c9e.dir/src.c.o  -o cmTC_13c9e 


Source file was:
int main(void) { return 0; }
Performing C++ SOURCE FILE Test CXX_SUPPORTS_COVERED_SWITCH_DEFAULT_FLAG succeeded with the following output:
Change Dir: /Users/devinasingh/Desktop/ScaffCC_NISQ/clang/CMakeFiles/CMakeTmp

Run Build Command(s):/usr/bin/make cmTC_8d3d0/fast && /Library/Developer/CommandLineTools/usr/bin/make -f CMakeFiles/cmTC_8d3d0.dir/build.make CMakeFiles/cmTC_8d3d0.dir/build
Building CXX object CMakeFiles/cmTC_8d3d0.dir/src.cxx.o
/Library/Developer/CommandLineTools/usr/bin/c++    -fvisibility-inlines-hidden -Werror=date-time -Werror=unguarded-availability-new -std=c++11 -Wall -Wextra -Wno-unused-parameter -Wwrite-strings -Wcast-qual -Wmissing-field-initializers -Wimplicit-fallthrough -DCXX_SUPPORTS_COVERED_SWITCH_DEFAULT_FLAG   -Werror -Wcovered-switch-default -o CMakeFiles/cmTC_8d3d0.dir/src.cxx.o -c /Users/devinasingh/Desktop/ScaffCC_NISQ/clang/CMakeFiles/CMakeTmp/src.cxx
Linking CXX executable cmTC_8d3d0
/usr/local/Cellar/cmake/3.15.0/bin/cmake -E cmake_link_script CMakeFiles/cmTC_8d3d0.dir/link.txt --verbose=1
/Library/Developer/CommandLineTools/usr/bin/c++   -fvisibility-inlines-hidden -Werror=date-time -Werror=unguarded-availability-new -std=c++11 -Wall -Wextra -Wno-unused-parameter -Wwrite-strings -Wcast-qual -Wmissing-field-initializers -Wimplicit-fallthrough -DCXX_SUPPORTS_COVERED_SWITCH_DEFAULT_FLAG -Wl,-search_paths_first -Wl,-headerpad_max_install_names   CMakeFiles/cmTC_8d3d0.dir/src.cxx.o  -o cmTC_8d3d0 


Source file was:
int main() { return 0; }
Performing C++ SOURCE FILE Test CXX_SUPPORTS_NOEXCEPT_TYPE_FLAG succeeded with the following output:
Change Dir: /Users/devinasingh/Desktop/ScaffCC_NISQ/clang/CMakeFiles/CMakeTmp

Run Build Command(s):/usr/bin/make cmTC_e64ae/fast && /Library/Developer/CommandLineTools/usr/bin/make -f CMakeFiles/cmTC_e64ae.dir/build.make CMakeFiles/cmTC_e64ae.dir/build
Building CXX object CMakeFiles/cmTC_e64ae.dir/src.cxx.o
/Library/Developer/CommandLineTools/usr/bin/c++    -fvisibility-inlines-hidden -Werror=date-time -Werror=unguarded-availability-new -std=c++11 -Wall -Wextra -Wno-unused-parameter -Wwrite-strings -Wcast-qual -Wmissing-field-initializers -Wimplicit-fallthrough -Wcovered-switch-default -DCXX_SUPPORTS_NOEXCEPT_TYPE_FLAG   -Wnoexcept-type -o CMakeFiles/cmTC_e64ae.dir/src.cxx.o -c /Users/devinasingh/Desktop/ScaffCC_NISQ/clang/CMakeFiles/CMakeTmp/src.cxx
Linking CXX executable cmTC_e64ae
/usr/local/Cellar/cmake/3.15.0/bin/cmake -E cmake_link_script CMakeFiles/cmTC_e64ae.dir/link.txt --verbose=1
/Library/Developer/CommandLineTools/usr/bin/c++   -fvisibility-inlines-hidden -Werror=date-time -Werror=unguarded-availability-new -std=c++11 -Wall -Wextra -Wno-unused-parameter -Wwrite-strings -Wcast-qual -Wmissing-field-initializers -Wimplicit-fallthrough -Wcovered-switch-default -DCXX_SUPPORTS_NOEXCEPT_TYPE_FLAG -Wl,-search_paths_first -Wl,-headerpad_max_install_names   CMakeFiles/cmTC_e64ae.dir/src.cxx.o  -o cmTC_e64ae 


Source file was:
int main() { return 0; }
Performing C++ SOURCE FILE Test CXX_WONT_WARN_ON_FINAL_NONVIRTUALDTOR succeeded with the following output:
Change Dir: /Users/devinasingh/Desktop/ScaffCC_NISQ/clang/CMakeFiles/CMakeTmp

Run Build Command(s):/usr/bin/make cmTC_8b316/fast && /Library/Developer/CommandLineTools/usr/bin/make -f CMakeFiles/cmTC_8b316.dir/build.make CMakeFiles/cmTC_8b316.dir/build
Building CXX object CMakeFiles/cmTC_8b316.dir/src.cxx.o
/Library/Developer/CommandLineTools/usr/bin/c++    -fvisibility-inlines-hidden -Werror=date-time -Werror=unguarded-availability-new -std=c++11 -Wall -Wextra -Wno-unused-parameter -Wwrite-strings -Wcast-qual -Wmissing-field-initializers -Wimplicit-fallthrough -Wcovered-switch-default -Wno-noexcept-type -DCXX_WONT_WARN_ON_FINAL_NONVIRTUALDTOR  -std=c++11 -Werror=non-virtual-dtor   -o CMakeFiles/cmTC_8b316.dir/src.cxx.o -c /Users/devinasingh/Desktop/ScaffCC_NISQ/clang/CMakeFiles/CMakeTmp/src.cxx
Linking CXX executable cmTC_8b316
/usr/local/Cellar/cmake/3.15.0/bin/cmake -E cmake_link_script CMakeFiles/cmTC_8b316.dir/link.txt --verbose=1
/Library/Developer/CommandLineTools/usr/bin/c++   -fvisibility-inlines-hidden -Werror=date-time -Werror=unguarded-availability-new -std=c++11 -Wall -Wextra -Wno-unused-parameter -Wwrite-strings -Wcast-qual -Wmissing-field-initializers -Wimplicit-fallthrough -Wcovered-switch-default -Wno-noexcept-type -DCXX_WONT_WARN_ON_FINAL_NONVIRTUALDTOR  -std=c++11 -Werror=non-virtual-dtor -Wl,-search_paths_first -Wl,-headerpad_max_install_names   CMakeFiles/cmTC_8b316.dir/src.cxx.o  -o cmTC_8b316 


Source file was:
class base {public: virtual void anchor();protected: ~base();};
                               class derived final : public base { public: ~derived();};
                               int main() { return 0; }
Performing C SOURCE FILE Test C_SUPPORTS_DELETE_NON_VIRTUAL_DTOR_FLAG succeeded with the following output:
Change Dir: /Users/devinasingh/Desktop/ScaffCC_NISQ/clang/CMakeFiles/CMakeTmp

Run Build Command(s):/usr/bin/make cmTC_2021e/fast && /Library/Developer/CommandLineTools/usr/bin/make -f CMakeFiles/cmTC_2021e.dir/build.make CMakeFiles/cmTC_2021e.dir/build
Building C object CMakeFiles/cmTC_2021e.dir/src.c.o
/Library/Developer/CommandLineTools/usr/bin/cc   -Werror=date-time -Werror=unguarded-availability-new -Wall -Wextra -Wno-unused-parameter -Wwrite-strings -Wmissing-field-initializers -Wimplicit-fallthrough -Wcovered-switch-default -DC_SUPPORTS_DELETE_NON_VIRTUAL_DTOR_FLAG   -Werror -Wdelete-non-virtual-dtor -o CMakeFiles/cmTC_2021e.dir/src.c.o   -c /Users/devinasingh/Desktop/ScaffCC_NISQ/clang/CMakeFiles/CMakeTmp/src.c
Linking C executable cmTC_2021e
/usr/local/Cellar/cmake/3.15.0/bin/cmake -E cmake_link_script CMakeFiles/cmTC_2021e.dir/link.txt --verbose=1
/Library/Developer/CommandLineTools/usr/bin/cc  -Werror=date-time -Werror=unguarded-availability-new -Wall -Wextra -Wno-unused-parameter -Wwrite-strings -Wmissing-field-initializers -Wimplicit-fallthrough -Wcovered-switch-default -DC_SUPPORTS_DELETE_NON_VIRTUAL_DTOR_FLAG -Wl,-search_paths_first -Wl,-headerpad_max_install_names   CMakeFiles/cmTC_2021e.dir/src.c.o  -o cmTC_2021e 


Source file was:
int main(void) { return 0; }
Performing C++ SOURCE FILE Test CXX_SUPPORTS_DELETE_NON_VIRTUAL_DTOR_FLAG succeeded with the following output:
Change Dir: /Users/devinasingh/Desktop/ScaffCC_NISQ/clang/CMakeFiles/CMakeTmp

Run Build Command(s):/usr/bin/make cmTC_ec951/fast && /Library/Developer/CommandLineTools/usr/bin/make -f CMakeFiles/cmTC_ec951.dir/build.make CMakeFiles/cmTC_ec951.dir/build
Building CXX object CMakeFiles/cmTC_ec951.dir/src.cxx.o
/Library/Developer/CommandLineTools/usr/bin/c++    -fvisibility-inlines-hidden -Werror=date-time -Werror=unguarded-availability-new -std=c++11 -Wall -Wextra -Wno-unused-parameter -Wwrite-strings -Wcast-qual -Wmissing-field-initializers -Wimplicit-fallthrough -Wcovered-switch-default -Wno-noexcept-type -Wnon-virtual-dtor -DCXX_SUPPORTS_DELETE_NON_VIRTUAL_DTOR_FLAG   -Werror -Wdelete-non-virtual-dtor -o CMakeFiles/cmTC_ec951.dir/src.cxx.o -c /Users/devinasingh/Desktop/ScaffCC_NISQ/clang/CMakeFiles/CMakeTmp/src.cxx
Linking CXX executable cmTC_ec951
/usr/local/Cellar/cmake/3.15.0/bin/cmake -E cmake_link_script CMakeFiles/cmTC_ec951.dir/link.txt --verbose=1
/Library/Developer/CommandLineTools/usr/bin/c++   -fvisibility-inlines-hidden -Werror=date-time -Werror=unguarded-availability-new -std=c++11 -Wall -Wextra -Wno-unused-parameter -Wwrite-strings -Wcast-qual -Wmissing-field-initializers -Wimplicit-fallthrough -Wcovered-switch-default -Wno-noexcept-type -Wnon-virtual-dtor -DCXX_SUPPORTS_DELETE_NON_VIRTUAL_DTOR_FLAG -Wl,-search_paths_first -Wl,-headerpad_max_install_names   CMakeFiles/cmTC_ec951.dir/src.cxx.o  -o cmTC_ec951 


Source file was:
int main() { return 0; }
Performing C SOURCE FILE Test C_WCOMMENT_ALLOWS_LINE_WRAP succeeded with the following output:
Change Dir: /Users/devinasingh/Desktop/ScaffCC_NISQ/clang/CMakeFiles/CMakeTmp

Run Build Command(s):/usr/bin/make cmTC_47a64/fast && /Library/Developer/CommandLineTools/usr/bin/make -f CMakeFiles/cmTC_47a64.dir/build.make CMakeFiles/cmTC_47a64.dir/build
Building C object CMakeFiles/cmTC_47a64.dir/src.c.o
/Library/Developer/CommandLineTools/usr/bin/cc   -Werror=date-time -Werror=unguarded-availability-new -Wall -Wextra -Wno-unused-parameter -Wwrite-strings -Wmissing-field-initializers -Wimplicit-fallthrough -Wcovered-switch-default -Wdelete-non-virtual-dtor -DC_WCOMMENT_ALLOWS_LINE_WRAP  -Werror -Wcomment   -o CMakeFiles/cmTC_47a64.dir/src.c.o   -c /Users/devinasingh/Desktop/ScaffCC_NISQ/clang/CMakeFiles/CMakeTmp/src.c
Linking C executable cmTC_47a64
/usr/local/Cellar/cmake/3.15.0/bin/cmake -E cmake_link_script CMakeFiles/cmTC_47a64.dir/link.txt --verbose=1
/Library/Developer/CommandLineTools/usr/bin/cc  -Werror=date-time -Werror=unguarded-availability-new -Wall -Wextra -Wno-unused-parameter -Wwrite-strings -Wmissing-field-initializers -Wimplicit-fallthrough -Wcovered-switch-default -Wdelete-non-virtual-dtor -DC_WCOMMENT_ALLOWS_LINE_WRAP  -Werror -Wcomment -Wl,-search_paths_first -Wl,-headerpad_max_install_names   CMakeFiles/cmTC_47a64.dir/src.c.o  -o cmTC_47a64 


Source file was:
// \
//
int main() {return 0;}
Performing C SOURCE FILE Test C_SUPPORTS_STRING_CONVERSION_FLAG succeeded with the following output:
Change Dir: /Users/devinasingh/Desktop/ScaffCC_NISQ/clang/CMakeFiles/CMakeTmp

Run Build Command(s):/usr/bin/make cmTC_06bb5/fast && /Library/Developer/CommandLineTools/usr/bin/make -f CMakeFiles/cmTC_06bb5.dir/build.make CMakeFiles/cmTC_06bb5.dir/build
Building C object CMakeFiles/cmTC_06bb5.dir/src.c.o
/Library/Developer/CommandLineTools/usr/bin/cc   -Werror=date-time -Werror=unguarded-availability-new -Wall -Wextra -Wno-unused-parameter -Wwrite-strings -Wmissing-field-initializers -Wimplicit-fallthrough -Wcovered-switch-default -Wdelete-non-virtual-dtor -DC_SUPPORTS_STRING_CONVERSION_FLAG   -Werror -Wstring-conversion -o CMakeFiles/cmTC_06bb5.dir/src.c.o   -c /Users/devinasingh/Desktop/ScaffCC_NISQ/clang/CMakeFiles/CMakeTmp/src.c
Linking C executable cmTC_06bb5
/usr/local/Cellar/cmake/3.15.0/bin/cmake -E cmake_link_script CMakeFiles/cmTC_06bb5.dir/link.txt --verbose=1
/Library/Developer/CommandLineTools/usr/bin/cc  -Werror=date-time -Werror=unguarded-availability-new -Wall -Wextra -Wno-unused-parameter -Wwrite-strings -Wmissing-field-initializers -Wimplicit-fallthrough -Wcovered-switch-default -Wdelete-non-virtual-dtor -DC_SUPPORTS_STRING_CONVERSION_FLAG -Wl,-search_paths_first -Wl,-headerpad_max_install_names   CMakeFiles/cmTC_06bb5.dir/src.c.o  -o cmTC_06bb5 


Source file was:
int main(void) { return 0; }
Performing C++ SOURCE FILE Test CXX_SUPPORTS_STRING_CONVERSION_FLAG succeeded with the following output:
Change Dir: /Users/devinasingh/Desktop/ScaffCC_NISQ/clang/CMakeFiles/CMakeTmp

Run Build Command(s):/usr/bin/make cmTC_4a6cf/fast && /Library/Developer/CommandLineTools/usr/bin/make -f CMakeFiles/cmTC_4a6cf.dir/build.make CMakeFiles/cmTC_4a6cf.dir/build
Building CXX object CMakeFiles/cmTC_4a6cf.dir/src.cxx.o
/Library/Developer/CommandLineTools/usr/bin/c++    -fvisibility-inlines-hidden -Werror=date-time -Werror=unguarded-availability-new -std=c++11 -Wall -Wextra -Wno-unused-parameter -Wwrite-strings -Wcast-qual -Wmissing-field-initializers -Wimplicit-fallthrough -Wcovered-switch-default -Wno-noexcept-type -Wnon-virtual-dtor -Wdelete-non-virtual-dtor -DCXX_SUPPORTS_STRING_CONVERSION_FLAG   -Werror -Wstring-conversion -o CMakeFiles/cmTC_4a6cf.dir/src.cxx.o -c /Users/devinasingh/Desktop/ScaffCC_NISQ/clang/CMakeFiles/CMakeTmp/src.cxx
Linking CXX executable cmTC_4a6cf
/usr/local/Cellar/cmake/3.15.0/bin/cmake -E cmake_link_script CMakeFiles/cmTC_4a6cf.dir/link.txt --verbose=1
/Library/Developer/CommandLineTools/usr/bin/c++   -fvisibility-inlines-hidden -Werror=date-time -Werror=unguarded-availability-new -std=c++11 -Wall -Wextra -Wno-unused-parameter -Wwrite-strings -Wcast-qual -Wmissing-field-initializers -Wimplicit-fallthrough -Wcovered-switch-default -Wno-noexcept-type -Wnon-virtual-dtor -Wdelete-non-virtual-dtor -DCXX_SUPPORTS_STRING_CONVERSION_FLAG -Wl,-search_paths_first -Wl,-headerpad_max_install_names   CMakeFiles/cmTC_4a6cf.dir/src.cxx.o  -o cmTC_4a6cf 


Source file was:
int main() { return 0; }
Determining if the include file sys/resource.h exists passed with the following output:
Change Dir: /Users/devinasingh/Desktop/ScaffCC_NISQ/clang/CMakeFiles/CMakeTmp

Run Build Command(s):/usr/bin/make cmTC_e60dd/fast && /Library/Developer/CommandLineTools/usr/bin/make -f CMakeFiles/cmTC_e60dd.dir/build.make CMakeFiles/cmTC_e60dd.dir/build
Building C object CMakeFiles/cmTC_e60dd.dir/CheckIncludeFile.c.o
/Library/Developer/CommandLineTools/usr/bin/cc   -Werror=date-time -Werror=unguarded-availability-new -Wall -Wextra -Wno-unused-parameter -Wwrite-strings -Wmissing-field-initializers -Wimplicit-fallthrough -Wcovered-switch-default -Wdelete-non-virtual-dtor -Wstring-conversion    -o CMakeFiles/cmTC_e60dd.dir/CheckIncludeFile.c.o   -c /Users/devinasingh/Desktop/ScaffCC_NISQ/clang/CMakeFiles/CMakeTmp/CheckIncludeFile.c
Linking C executable cmTC_e60dd
/usr/local/Cellar/cmake/3.15.0/bin/cmake -E cmake_link_script CMakeFiles/cmTC_e60dd.dir/link.txt --verbose=1
/Library/Developer/CommandLineTools/usr/bin/cc  -Werror=date-time -Werror=unguarded-availability-new -Wall -Wextra -Wno-unused-parameter -Wwrite-strings -Wmissing-field-initializers -Wimplicit-fallthrough -Wcovered-switch-default -Wdelete-non-virtual-dtor -Wstring-conversion  -Wl,-search_paths_first -Wl,-headerpad_max_install_names   CMakeFiles/cmTC_e60dd.dir/CheckIncludeFile.c.o  -o cmTC_e60dd 



